Analysis & Synthesis report for Lab2
Tue Feb 08 10:37:07 2022
Quartus II 64-Bit Version 13.0.1 Build 232 06/12/2013 Service Pack 1 SJ Full Version


---------------------
; Table of Contents ;
---------------------
  1. Legal Notice
  2. Analysis & Synthesis Summary
  3. Analysis & Synthesis Settings
  4. Parallel Compilation
  5. Analysis & Synthesis Messages



----------------
; Legal Notice ;
----------------
Copyright (C) 1991-2013 Altera Corporation
Your use of Altera Corporation's design tools, logic functions 
and other software and tools, and its AMPP partner logic 
functions, and any output files from any of the foregoing 
(including device programming or simulation files), and any 
associated documentation or information are expressly subject 
to the terms and conditions of the Altera Program License 
Subscription Agreement, Altera MegaCore Function License 
Agreement, or other applicable license agreement, including, 
without limitation, that your use is for the sole purpose of 
programming logic devices manufactured by Altera and sold by 
Altera or its authorized distributors.  Please refer to the 
applicable agreement for further details.



+---------------------------------------------------------------------------------------+
; Analysis & Synthesis Summary                                                          ;
+------------------------------------+--------------------------------------------------+
; Analysis & Synthesis Status        ; Failed - Tue Feb 08 10:37:07 2022                ;
; Quartus II 64-Bit Version          ; 13.0.1 Build 232 06/12/2013 SP 1 SJ Full Version ;
; Revision Name                      ; Lab2                                             ;
; Top-level Entity Name              ; DE2_115                                          ;
; Family                             ; Cyclone IV E                                     ;
; Total logic elements               ; N/A until Partition Merge                        ;
;     Total combinational functions  ; N/A until Partition Merge                        ;
;     Dedicated logic registers      ; N/A until Partition Merge                        ;
; Total registers                    ; N/A until Partition Merge                        ;
; Total pins                         ; N/A until Partition Merge                        ;
; Total virtual pins                 ; N/A until Partition Merge                        ;
; Total memory bits                  ; N/A until Partition Merge                        ;
; Embedded Multiplier 9-bit elements ; N/A until Partition Merge                        ;
; Total PLLs                         ; N/A until Partition Merge                        ;
+------------------------------------+--------------------------------------------------+


+----------------------------------------------------------------------------------------------------------------------+
; Analysis & Synthesis Settings                                                                                        ;
+----------------------------------------------------------------------------+--------------------+--------------------+
; Option                                                                     ; Setting            ; Default Value      ;
+----------------------------------------------------------------------------+--------------------+--------------------+
; Device                                                                     ; EP4CE115F29C7      ;                    ;
; Top-level entity name                                                      ; DE2_115            ; Lab2               ;
; Family name                                                                ; Cyclone IV E       ; Cyclone IV GX      ;
; Use smart compilation                                                      ; Off                ; Off                ;
; Enable parallel Assembler and TimeQuest Timing Analyzer during compilation ; On                 ; On                 ;
; Enable compact report table                                                ; Off                ; Off                ;
; Restructure Multiplexers                                                   ; Auto               ; Auto               ;
; Create Debugging Nodes for IP Cores                                        ; Off                ; Off                ;
; Preserve fewer node names                                                  ; On                 ; On                 ;
; Disable OpenCore Plus hardware evaluation                                  ; Off                ; Off                ;
; Verilog Version                                                            ; Verilog_2001       ; Verilog_2001       ;
; VHDL Version                                                               ; VHDL_1993          ; VHDL_1993          ;
; State Machine Processing                                                   ; Auto               ; Auto               ;
; Safe State Machine                                                         ; Off                ; Off                ;
; Extract Verilog State Machines                                             ; On                 ; On                 ;
; Extract VHDL State Machines                                                ; On                 ; On                 ;
; Ignore Verilog initial constructs                                          ; Off                ; Off                ;
; Iteration limit for constant Verilog loops                                 ; 5000               ; 5000               ;
; Iteration limit for non-constant Verilog loops                             ; 250                ; 250                ;
; Add Pass-Through Logic to Inferred RAMs                                    ; On                 ; On                 ;
; Infer RAMs from Raw Logic                                                  ; On                 ; On                 ;
; Parallel Synthesis                                                         ; On                 ; On                 ;
; DSP Block Balancing                                                        ; Auto               ; Auto               ;
; NOT Gate Push-Back                                                         ; On                 ; On                 ;
; Power-Up Don't Care                                                        ; On                 ; On                 ;
; Remove Redundant Logic Cells                                               ; Off                ; Off                ;
; Remove Duplicate Registers                                                 ; On                 ; On                 ;
; Ignore CARRY Buffers                                                       ; Off                ; Off                ;
; Ignore CASCADE Buffers                                                     ; Off                ; Off                ;
; Ignore GLOBAL Buffers                                                      ; Off                ; Off                ;
; Ignore ROW GLOBAL Buffers                                                  ; Off                ; Off                ;
; Ignore LCELL Buffers                                                       ; Off                ; Off                ;
; Ignore SOFT Buffers                                                        ; On                 ; On                 ;
; Limit AHDL Integers to 32 Bits                                             ; Off                ; Off                ;
; Optimization Technique                                                     ; Balanced           ; Balanced           ;
; Carry Chain Length                                                         ; 70                 ; 70                 ;
; Auto Carry Chains                                                          ; On                 ; On                 ;
; Auto Open-Drain Pins                                                       ; On                 ; On                 ;
; Perform WYSIWYG Primitive Resynthesis                                      ; Off                ; Off                ;
; Auto ROM Replacement                                                       ; On                 ; On                 ;
; Auto RAM Replacement                                                       ; On                 ; On                 ;
; Auto DSP Block Replacement                                                 ; On                 ; On                 ;
; Auto Shift Register Replacement                                            ; Auto               ; Auto               ;
; Allow Shift Register Merging across Hierarchies                            ; Auto               ; Auto               ;
; Auto Clock Enable Replacement                                              ; On                 ; On                 ;
; Strict RAM Replacement                                                     ; Off                ; Off                ;
; Allow Synchronous Control Signals                                          ; On                 ; On                 ;
; Force Use of Synchronous Clear Signals                                     ; Off                ; Off                ;
; Auto RAM Block Balancing                                                   ; On                 ; On                 ;
; Auto RAM to Logic Cell Conversion                                          ; Off                ; Off                ;
; Auto Resource Sharing                                                      ; Off                ; Off                ;
; Allow Any RAM Size For Recognition                                         ; Off                ; Off                ;
; Allow Any ROM Size For Recognition                                         ; Off                ; Off                ;
; Allow Any Shift Register Size For Recognition                              ; Off                ; Off                ;
; Use LogicLock Constraints during Resource Balancing                        ; On                 ; On                 ;
; Ignore translate_off and synthesis_off directives                          ; Off                ; Off                ;
; Timing-Driven Synthesis                                                    ; On                 ; On                 ;
; Report Parameter Settings                                                  ; On                 ; On                 ;
; Report Source Assignments                                                  ; On                 ; On                 ;
; Report Connectivity Checks                                                 ; On                 ; On                 ;
; Ignore Maximum Fan-Out Assignments                                         ; Off                ; Off                ;
; Synchronization Register Chain Length                                      ; 2                  ; 2                  ;
; PowerPlay Power Optimization                                               ; Normal compilation ; Normal compilation ;
; HDL message level                                                          ; Level2             ; Level2             ;
; Suppress Register Optimization Related Messages                            ; Off                ; Off                ;
; Number of Removed Registers Reported in Synthesis Report                   ; 5000               ; 5000               ;
; Number of Swept Nodes Reported in Synthesis Report                         ; 5000               ; 5000               ;
; Number of Inverted Registers Reported in Synthesis Report                  ; 100                ; 100                ;
; Clock MUX Protection                                                       ; On                 ; On                 ;
; Auto Gated Clock Conversion                                                ; Off                ; Off                ;
; Block Design Naming                                                        ; Auto               ; Auto               ;
; SDC constraint protection                                                  ; Off                ; Off                ;
; Synthesis Effort                                                           ; Auto               ; Auto               ;
; Shift Register Replacement - Allow Asynchronous Clear Signal               ; On                 ; On                 ;
; Pre-Mapping Resynthesis Optimization                                       ; Off                ; Off                ;
; Analysis & Synthesis Message Level                                         ; Medium             ; Medium             ;
; Disable Register Merging Across Hierarchies                                ; Auto               ; Auto               ;
; Resource Aware Inference For Block RAM                                     ; On                 ; On                 ;
; Synthesis Seed                                                             ; 1                  ; 1                  ;
+----------------------------------------------------------------------------+--------------------+--------------------+


+------------------------------------------+
; Parallel Compilation                     ;
+----------------------------+-------------+
; Processors                 ; Number      ;
+----------------------------+-------------+
; Number detected on machine ; 16          ;
; Maximum allowed            ; 8           ;
;                            ;             ;
; Average used               ; 1.00        ;
; Maximum used               ; 1           ;
;                            ;             ;
; Usage by Processor         ; % Time Used ;
;     Processor 1            ; 100.0%      ;
;     Processors 2-16        ;   0.0%      ;
+----------------------------+-------------+


+-------------------------------+
; Analysis & Synthesis Messages ;
+-------------------------------+
Info: *******************************************************************
Info: Running Quartus II 64-Bit Analysis & Synthesis
    Info: Version 13.0.1 Build 232 06/12/2013 Service Pack 1 SJ Full Version
    Info: Processing started: Tue Feb 08 10:36:59 2022
Info: Command: quartus_map --read_settings_files=on --write_settings_files=off Lab2 -c Lab2
Info (11104): Parallel Compilation has detected 16 hyper-threaded processors. However, the extra hyper-threaded processors will not be used by default. Parallel Compilation will use 8 of the 8 physical processors detected instead.
Info (12021): Found 2 design units, including 1 entities, in source file btn_debounce_toggle.vhd
    Info (12022): Found design unit 1: btn_debounce_toggle-Behavioral
    Info (12023): Found entity 1: btn_debounce_toggle
Info (12021): Found 2 design units, including 1 entities, in source file pwm.vhd
    Info (12022): Found design unit 1: PWM-Behavioral
    Info (12023): Found entity 1: PWM
Info (12021): Found 2 design units, including 1 entities, in source file hex_to_ascii.vhd
    Info (12022): Found design unit 1: HEX_to_ASCII-Behavioral
    Info (12023): Found entity 1: HEX_to_ASCII
Info (12021): Found 2 design units, including 1 entities, in source file system_controller.vhd
    Info (12022): Found design unit 1: system_controller-behavioral
    Info (12023): Found entity 1: system_controller
Info (12021): Found 2 design units, including 1 entities, in source file tb_i2c_master.vhd
    Info (12022): Found design unit 1: tb_i2c_master-behavioral
    Info (12023): Found entity 1: tb_i2c_master
Info (12021): Found 2 design units, including 1 entities, in source file i2c_master_2.1.vhd
    Info (12022): Found design unit 1: i2c_master-logic
    Info (12023): Found entity 1: i2c_master
Info (12021): Found 2 design units, including 1 entities, in source file sram_controller.vhd
    Info (12022): Found design unit 1: SRAM_Controller-behavioral
    Info (12023): Found entity 1: SRAM_Controller
Info (12021): Found 2 design units, including 1 entities, in source file rom1port.vhd
    Info (12022): Found design unit 1: rom1port-SYN
    Info (12023): Found entity 1: ROM1Port
Info (12021): Found 2 design units, including 1 entities, in source file reset_delay.vhd
    Info (12022): Found design unit 1: Reset_Delay-Arch
    Info (12023): Found entity 1: Reset_Delay
Info (12021): Found 2 design units, including 1 entities, in source file lcd_user_logic.vhd
    Info (12022): Found design unit 1: LCD_User_Logic-Behavioral
    Info (12023): Found entity 1: LCD_User_Logic
Info (12021): Found 2 design units, including 1 entities, in source file lcd_transmitter.vhd
    Info (12022): Found design unit 1: LCD_Transmitter-Behavioral
    Info (12023): Found entity 1: LCD_Transmitter
Error (10500): VHDL syntax error at DE2_115.vhd(80) near text ",";  expecting "(", or an identifier, or  unary operator File: C:/Users/jones/Desktop/EE316-Lab2/Lab2/DE2_115.vhd Line: 80
Error (10500): VHDL syntax error at DE2_115.vhd(81) near text ",";  expecting "(", or an identifier, or  unary operator File: C:/Users/jones/Desktop/EE316-Lab2/Lab2/DE2_115.vhd Line: 81
Error (10500): VHDL syntax error at DE2_115.vhd(82) near text ",";  expecting "(", or an identifier, or  unary operator File: C:/Users/jones/Desktop/EE316-Lab2/Lab2/DE2_115.vhd Line: 82
Info (12021): Found 0 design units, including 0 entities, in source file de2_115.vhd
Info (12021): Found 2 design units, including 1 entities, in source file top_level.vhd
    Info (12022): Found design unit 1: top_level-behavioral
    Info (12023): Found entity 1: top_level
Info (12021): Found 2 design units, including 1 entities, in source file address_counter.vhd
    Info (12022): Found design unit 1: address_counter-behavioral
    Info (12023): Found entity 1: address_counter
Info (12021): Found 2 design units, including 1 entities, in source file i2c_user_logic.vhd
    Info (12022): Found design unit 1: i2c_user_logic-behavioral
    Info (12023): Found entity 1: i2c_user_logic
Error: Quartus II 64-Bit Analysis & Synthesis was unsuccessful. 3 errors, 0 warnings
    Error: Peak virtual memory: 4623 megabytes
    Error: Processing ended: Tue Feb 08 10:37:07 2022
    Error: Elapsed time: 00:00:08
    Error: Total CPU time (on all processors): 00:00:01


